<?xml version="1.0" encoding="utf-8"?>
<TestRun id="1e80cd7d-edbe-42f0-b643-df050288c850" name="foRz@FORZASUS 2021-12-09 14:32:54" runUser="FORZASUS\foRz" xmlns="http://microsoft.com/schemas/VisualStudio/TeamTest/2010">
  <Times creation="2021-12-09T14:32:54.4239446+03:00" queuing="2021-12-09T14:32:54.4239457+03:00" start="2021-12-09T14:32:52.4105460+03:00" finish="2021-12-09T14:32:56.1787201+03:00" />
  <TestSettings name="default" id="d61484e6-36e5-448a-a85c-61305bd5074e">
    <Deployment runDeploymentRoot="foRz_FORZASUS_2021-12-09_14_32_54" />
  </TestSettings>
  <Results>
    <UnitTestResult executionId="9c8761f2-aee1-4403-b938-dc40087456b3" testId="e7fb0bee-2311-f26d-1895-198c4770469a" testName="AuthToken_ShouldBe_Created" computerName="FORZASUS" duration="00:00:00.5455910" startTime="2021-12-09T14:32:53.8183904+03:00" endTime="2021-12-09T14:32:54.3639803+03:00" testType="13cdc9d9-ddb5-4fa4-a97d-d965ccfc6d4b" outcome="Passed" testListId="8c84fa94-04c1-424b-9868-57a2d4851a1d" relativeResultsDirectory="9c8761f2-aee1-4403-b938-dc40087456b3" />
    <UnitTestResult executionId="91657d0b-ee6a-4e3f-92bc-eaa7012ce5cb" testId="c0c724a1-16e7-7483-3848-a43ac92d5ad5" testName="Booking_ShouldBe_Created" computerName="FORZASUS" duration="00:00:00.2054960" startTime="2021-12-09T14:32:55.1222464+03:00" endTime="2021-12-09T14:32:55.3277415+03:00" testType="13cdc9d9-ddb5-4fa4-a97d-d965ccfc6d4b" outcome="Passed" testListId="8c84fa94-04c1-424b-9868-57a2d4851a1d" relativeResultsDirectory="91657d0b-ee6a-4e3f-92bc-eaa7012ce5cb" />
    <UnitTestResult executionId="976b3d3d-4c5f-4edf-8c52-9b97a915d425" testId="35ce9a1f-136e-e8d2-9965-ccf38c6f0207" testName="CreatedBooking_ShouldBe_PartiallyUpdated" computerName="FORZASUS" duration="00:00:00.1613780" startTime="2021-12-09T14:32:55.4766314+03:00" endTime="2021-12-09T14:32:55.6380076+03:00" testType="13cdc9d9-ddb5-4fa4-a97d-d965ccfc6d4b" outcome="Passed" testListId="8c84fa94-04c1-424b-9868-57a2d4851a1d" relativeResultsDirectory="976b3d3d-4c5f-4edf-8c52-9b97a915d425" />
    <UnitTestResult executionId="9d7ca239-b2e9-4952-904a-bf72734e392d" testId="1c6a9dfc-fcd7-d2e2-d92a-e2a94b9923ee" testName="BookingIds_ShouldBe_Retrieved_And_ShouldNotBe_Empty" computerName="FORZASUS" duration="00:00:00.1513300" startTime="2021-12-09T14:32:54.3642292+03:00" endTime="2021-12-09T14:32:54.5155576+03:00" testType="13cdc9d9-ddb5-4fa4-a97d-d965ccfc6d4b" outcome="Passed" testListId="8c84fa94-04c1-424b-9868-57a2d4851a1d" relativeResultsDirectory="9d7ca239-b2e9-4952-904a-bf72734e392d" />
    <UnitTestResult executionId="776a43fb-7b26-452d-a00c-75c8e77abb8b" testId="bd1d2714-5449-f56e-7281-98315bc2fab1" testName="Ensure_That_BookingId_Exists" computerName="FORZASUS" duration="00:00:00.1544180" startTime="2021-12-09T14:32:55.6380462+03:00" endTime="2021-12-09T14:32:55.7924615+03:00" testType="13cdc9d9-ddb5-4fa4-a97d-d965ccfc6d4b" outcome="Passed" testListId="8c84fa94-04c1-424b-9868-57a2d4851a1d" relativeResultsDirectory="776a43fb-7b26-452d-a00c-75c8e77abb8b" />
    <UnitTestResult executionId="09bb9e68-b780-48d1-b19a-b5cd5f4ed704" testId="b553ceae-7f08-076f-2f81-3ac1beb864c3" testName="Booking_With_IncorrectDates_ShouldNotBe_Accepted" computerName="FORZASUS" duration="00:00:00.1562390" startTime="2021-12-09T14:32:54.9657204+03:00" endTime="2021-12-09T14:32:55.1219572+03:00" testType="13cdc9d9-ddb5-4fa4-a97d-d965ccfc6d4b" outcome="Passed" testListId="8c84fa94-04c1-424b-9868-57a2d4851a1d" relativeResultsDirectory="09bb9e68-b780-48d1-b19a-b5cd5f4ed704" />
    <UnitTestResult executionId="6346dea2-89d2-45d1-995a-71cea5326fba" testId="75a2fa68-7464-79e0-33ea-279f69dbaacc" testName="HealthCheckStatus_ShouldBe_Ok" computerName="FORZASUS" duration="00:00:00.7151450" startTime="2021-12-09T14:32:53.0973587+03:00" endTime="2021-12-09T14:32:53.8123603+03:00" testType="13cdc9d9-ddb5-4fa4-a97d-d965ccfc6d4b" outcome="Passed" testListId="8c84fa94-04c1-424b-9868-57a2d4851a1d" relativeResultsDirectory="6346dea2-89d2-45d1-995a-71cea5326fba" />
    <UnitTestResult executionId="f51aaf74-0a44-4cb7-9090-3b21792da07b" testId="9b84de44-6938-5308-c845-568e518c21aa" testName="Get_RandomBooking_And_ValidateFields" computerName="FORZASUS" duration="00:00:00.1606000" startTime="2021-12-09T14:32:54.8050876+03:00" endTime="2021-12-09T14:32:54.9656857+03:00" testType="13cdc9d9-ddb5-4fa4-a97d-d965ccfc6d4b" outcome="Passed" testListId="8c84fa94-04c1-424b-9868-57a2d4851a1d" relativeResultsDirectory="f51aaf74-0a44-4cb7-9090-3b21792da07b" />
    <UnitTestResult executionId="e0d8aacf-8ffc-46de-99aa-36359141e1e6" testId="a27f8035-3399-1710-73b9-71d261c75c98" testName="Ensure_That_BookingId_DoesntExist" computerName="FORZASUS" duration="00:00:00.1530790" startTime="2021-12-09T14:32:55.9510653+03:00" endTime="2021-12-09T14:32:56.1041425+03:00" testType="13cdc9d9-ddb5-4fa4-a97d-d965ccfc6d4b" outcome="Passed" testListId="8c84fa94-04c1-424b-9868-57a2d4851a1d" relativeResultsDirectory="e0d8aacf-8ffc-46de-99aa-36359141e1e6" />
    <UnitTestResult executionId="53a4895b-fa11-4e0a-ac1e-a0345226f517" testId="eea37630-5a4d-a680-2ff4-da68899e7777" testName="RandomBooking_ShouldBe_Patched_Using_TokenAuth" computerName="FORZASUS" duration="00:00:00.1436390" startTime="2021-12-09T14:32:54.5155940+03:00" endTime="2021-12-09T14:32:54.6592314+03:00" testType="13cdc9d9-ddb5-4fa4-a97d-d965ccfc6d4b" outcome="Passed" testListId="8c84fa94-04c1-424b-9868-57a2d4851a1d" relativeResultsDirectory="53a4895b-fa11-4e0a-ac1e-a0345226f517" />
    <UnitTestResult executionId="d2c8152d-9b23-4f2a-bf4e-7db9c0960fcb" testId="1573f9ab-ad49-cd82-4150-a1cbba7a84f8" testName="CreatedBooking_ShouldBe_Deleted" computerName="FORZASUS" duration="00:00:00.1585420" startTime="2021-12-09T14:32:55.7924937+03:00" endTime="2021-12-09T14:32:55.9510341+03:00" testType="13cdc9d9-ddb5-4fa4-a97d-d965ccfc6d4b" outcome="Passed" testListId="8c84fa94-04c1-424b-9868-57a2d4851a1d" relativeResultsDirectory="d2c8152d-9b23-4f2a-bf4e-7db9c0960fcb" />
    <UnitTestResult executionId="34146b21-840d-46b1-9438-3da7ceed0ba0" testId="9eeccf4d-9714-e7fb-2619-02c40c39e978" testName="BookingIds_ShouldBe_Retrieved_And_ShouldNotBe_Empty" computerName="FORZASUS" duration="00:00:00.1456430" startTime="2021-12-09T14:32:54.6594132+03:00" endTime="2021-12-09T14:32:54.8050545+03:00" testType="13cdc9d9-ddb5-4fa4-a97d-d965ccfc6d4b" outcome="Passed" testListId="8c84fa94-04c1-424b-9868-57a2d4851a1d" relativeResultsDirectory="34146b21-840d-46b1-9438-3da7ceed0ba0" />
    <UnitTestResult executionId="ec9e2c12-9b0f-4746-9f52-baa581537192" testId="b3d28784-132b-4989-f44f-82fd5be857a5" testName="CreatedBooking_ShouldBe_Updated" computerName="FORZASUS" duration="00:00:00.1488210" startTime="2021-12-09T14:32:55.3277716+03:00" endTime="2021-12-09T14:32:55.4765907+03:00" testType="13cdc9d9-ddb5-4fa4-a97d-d965ccfc6d4b" outcome="Passed" testListId="8c84fa94-04c1-424b-9868-57a2d4851a1d" relativeResultsDirectory="ec9e2c12-9b0f-4746-9f52-baa581537192" />
  </Results>
  <TestDefinitions>
    <UnitTest name="Booking_With_IncorrectDates_ShouldNotBe_Accepted" storage="d:\projects\bookerapi.tests\bookerapi.tests\bin\release\net5.0\bookerapi.tests.dll" id="b553ceae-7f08-076f-2f81-3ac1beb864c3">
      <Execution id="09bb9e68-b780-48d1-b19a-b5cd5f4ed704" />
      <TestMethod codeBase="D:\Projects\BookerApi.Tests\BookerApi.Tests\bin\Release\net5.0\BookerApi.Tests.dll" adapterTypeName="executor://nunit3testexecutor/" className="BookerApi.Tests.BookingTests.BookingValidationsTests" name="Booking_With_IncorrectDates_ShouldNotBe_Accepted" />
    </UnitTest>
    <UnitTest name="RandomBooking_ShouldBe_Patched_Using_TokenAuth" storage="d:\projects\bookerapi.tests\bookerapi.tests\bin\release\net5.0\bookerapi.tests.dll" id="eea37630-5a4d-a680-2ff4-da68899e7777">
      <Execution id="53a4895b-fa11-4e0a-ac1e-a0345226f517" />
      <TestMethod codeBase="D:\Projects\BookerApi.Tests\BookerApi.Tests\bin\Release\net5.0\BookerApi.Tests.dll" adapterTypeName="executor://nunit3testexecutor/" className="BookerApi.Tests.AuthTests.TokenAuthTests" name="RandomBooking_ShouldBe_Patched_Using_TokenAuth" />
    </UnitTest>
    <UnitTest name="CreatedBooking_ShouldBe_Deleted" storage="d:\projects\bookerapi.tests\bookerapi.tests\bin\release\net5.0\bookerapi.tests.dll" id="1573f9ab-ad49-cd82-4150-a1cbba7a84f8">
      <Execution id="d2c8152d-9b23-4f2a-bf4e-7db9c0960fcb" />
      <TestMethod codeBase="D:\Projects\BookerApi.Tests\BookerApi.Tests\bin\Release\net5.0\BookerApi.Tests.dll" adapterTypeName="executor://nunit3testexecutor/" className="BookerApi.Tests.BookingTests.BookingTests" name="CreatedBooking_ShouldBe_Deleted" />
    </UnitTest>
    <UnitTest name="Booking_ShouldBe_Created" storage="d:\projects\bookerapi.tests\bookerapi.tests\bin\release\net5.0\bookerapi.tests.dll" id="c0c724a1-16e7-7483-3848-a43ac92d5ad5">
      <Execution id="91657d0b-ee6a-4e3f-92bc-eaa7012ce5cb" />
      <TestMethod codeBase="D:\Projects\BookerApi.Tests\BookerApi.Tests\bin\Release\net5.0\BookerApi.Tests.dll" adapterTypeName="executor://nunit3testexecutor/" className="BookerApi.Tests.BookingTests.BookingTests" name="Booking_ShouldBe_Created" />
    </UnitTest>
    <UnitTest name="Ensure_That_BookingId_Exists" storage="d:\projects\bookerapi.tests\bookerapi.tests\bin\release\net5.0\bookerapi.tests.dll" id="bd1d2714-5449-f56e-7281-98315bc2fab1">
      <Execution id="776a43fb-7b26-452d-a00c-75c8e77abb8b" />
      <TestMethod codeBase="D:\Projects\BookerApi.Tests\BookerApi.Tests\bin\Release\net5.0\BookerApi.Tests.dll" adapterTypeName="executor://nunit3testexecutor/" className="BookerApi.Tests.BookingTests.BookingTests" name="Ensure_That_BookingId_Exists" />
    </UnitTest>
    <UnitTest name="HealthCheckStatus_ShouldBe_Ok" storage="d:\projects\bookerapi.tests\bookerapi.tests\bin\release\net5.0\bookerapi.tests.dll" id="75a2fa68-7464-79e0-33ea-279f69dbaacc">
      <Execution id="6346dea2-89d2-45d1-995a-71cea5326fba" />
      <TestMethod codeBase="D:\Projects\BookerApi.Tests\BookerApi.Tests\bin\Release\net5.0\BookerApi.Tests.dll" adapterTypeName="executor://nunit3testexecutor/" className="BookerApi.Tests.HealthCheckTests" name="HealthCheckStatus_ShouldBe_Ok" />
    </UnitTest>
    <UnitTest name="BookingIds_ShouldBe_Retrieved_And_ShouldNotBe_Empty" storage="d:\projects\bookerapi.tests\bookerapi.tests\bin\release\net5.0\bookerapi.tests.dll" id="1c6a9dfc-fcd7-d2e2-d92a-e2a94b9923ee">
      <Execution id="9d7ca239-b2e9-4952-904a-bf72734e392d" />
      <TestMethod codeBase="D:\Projects\BookerApi.Tests\BookerApi.Tests\bin\Release\net5.0\BookerApi.Tests.dll" adapterTypeName="executor://nunit3testexecutor/" className="BookerApi.Tests.AuthTests.TokenAuthTests" name="BookingIds_ShouldBe_Retrieved_And_ShouldNotBe_Empty" />
    </UnitTest>
    <UnitTest name="AuthToken_ShouldBe_Created" storage="d:\projects\bookerapi.tests\bookerapi.tests\bin\release\net5.0\bookerapi.tests.dll" id="e7fb0bee-2311-f26d-1895-198c4770469a">
      <Execution id="9c8761f2-aee1-4403-b938-dc40087456b3" />
      <TestMethod codeBase="D:\Projects\BookerApi.Tests\BookerApi.Tests\bin\Release\net5.0\BookerApi.Tests.dll" adapterTypeName="executor://nunit3testexecutor/" className="BookerApi.Tests.CreateTokenTests" name="AuthToken_ShouldBe_Created" />
    </UnitTest>
    <UnitTest name="BookingIds_ShouldBe_Retrieved_And_ShouldNotBe_Empty" storage="d:\projects\bookerapi.tests\bookerapi.tests\bin\release\net5.0\bookerapi.tests.dll" id="9eeccf4d-9714-e7fb-2619-02c40c39e978">
      <Execution id="34146b21-840d-46b1-9438-3da7ceed0ba0" />
      <TestMethod codeBase="D:\Projects\BookerApi.Tests\BookerApi.Tests\bin\Release\net5.0\BookerApi.Tests.dll" adapterTypeName="executor://nunit3testexecutor/" className="BookerApi.Tests.BookingTests.BookingValidationsTests" name="BookingIds_ShouldBe_Retrieved_And_ShouldNotBe_Empty" />
    </UnitTest>
    <UnitTest name="CreatedBooking_ShouldBe_PartiallyUpdated" storage="d:\projects\bookerapi.tests\bookerapi.tests\bin\release\net5.0\bookerapi.tests.dll" id="35ce9a1f-136e-e8d2-9965-ccf38c6f0207">
      <Execution id="976b3d3d-4c5f-4edf-8c52-9b97a915d425" />
      <TestMethod codeBase="D:\Projects\BookerApi.Tests\BookerApi.Tests\bin\Release\net5.0\BookerApi.Tests.dll" adapterTypeName="executor://nunit3testexecutor/" className="BookerApi.Tests.BookingTests.BookingTests" name="CreatedBooking_ShouldBe_PartiallyUpdated" />
    </UnitTest>
    <UnitTest name="Ensure_That_BookingId_DoesntExist" storage="d:\projects\bookerapi.tests\bookerapi.tests\bin\release\net5.0\bookerapi.tests.dll" id="a27f8035-3399-1710-73b9-71d261c75c98">
      <Execution id="e0d8aacf-8ffc-46de-99aa-36359141e1e6" />
      <TestMethod codeBase="D:\Projects\BookerApi.Tests\BookerApi.Tests\bin\Release\net5.0\BookerApi.Tests.dll" adapterTypeName="executor://nunit3testexecutor/" className="BookerApi.Tests.BookingTests.BookingTests" name="Ensure_That_BookingId_DoesntExist" />
    </UnitTest>
    <UnitTest name="Get_RandomBooking_And_ValidateFields" storage="d:\projects\bookerapi.tests\bookerapi.tests\bin\release\net5.0\bookerapi.tests.dll" id="9b84de44-6938-5308-c845-568e518c21aa">
      <Execution id="f51aaf74-0a44-4cb7-9090-3b21792da07b" />
      <TestMethod codeBase="D:\Projects\BookerApi.Tests\BookerApi.Tests\bin\Release\net5.0\BookerApi.Tests.dll" adapterTypeName="executor://nunit3testexecutor/" className="BookerApi.Tests.BookingTests.BookingValidationsTests" name="Get_RandomBooking_And_ValidateFields" />
    </UnitTest>
    <UnitTest name="CreatedBooking_ShouldBe_Updated" storage="d:\projects\bookerapi.tests\bookerapi.tests\bin\release\net5.0\bookerapi.tests.dll" id="b3d28784-132b-4989-f44f-82fd5be857a5">
      <Execution id="ec9e2c12-9b0f-4746-9f52-baa581537192" />
      <TestMethod codeBase="D:\Projects\BookerApi.Tests\BookerApi.Tests\bin\Release\net5.0\BookerApi.Tests.dll" adapterTypeName="executor://nunit3testexecutor/" className="BookerApi.Tests.BookingTests.BookingTests" name="CreatedBooking_ShouldBe_Updated" />
    </UnitTest>
  </TestDefinitions>
  <TestEntries>
    <TestEntry testId="e7fb0bee-2311-f26d-1895-198c4770469a" executionId="9c8761f2-aee1-4403-b938-dc40087456b3" testListId="8c84fa94-04c1-424b-9868-57a2d4851a1d" />
    <TestEntry testId="c0c724a1-16e7-7483-3848-a43ac92d5ad5" executionId="91657d0b-ee6a-4e3f-92bc-eaa7012ce5cb" testListId="8c84fa94-04c1-424b-9868-57a2d4851a1d" />
    <TestEntry testId="35ce9a1f-136e-e8d2-9965-ccf38c6f0207" executionId="976b3d3d-4c5f-4edf-8c52-9b97a915d425" testListId="8c84fa94-04c1-424b-9868-57a2d4851a1d" />
    <TestEntry testId="1c6a9dfc-fcd7-d2e2-d92a-e2a94b9923ee" executionId="9d7ca239-b2e9-4952-904a-bf72734e392d" testListId="8c84fa94-04c1-424b-9868-57a2d4851a1d" />
    <TestEntry testId="bd1d2714-5449-f56e-7281-98315bc2fab1" executionId="776a43fb-7b26-452d-a00c-75c8e77abb8b" testListId="8c84fa94-04c1-424b-9868-57a2d4851a1d" />
    <TestEntry testId="b553ceae-7f08-076f-2f81-3ac1beb864c3" executionId="09bb9e68-b780-48d1-b19a-b5cd5f4ed704" testListId="8c84fa94-04c1-424b-9868-57a2d4851a1d" />
    <TestEntry testId="75a2fa68-7464-79e0-33ea-279f69dbaacc" executionId="6346dea2-89d2-45d1-995a-71cea5326fba" testListId="8c84fa94-04c1-424b-9868-57a2d4851a1d" />
    <TestEntry testId="9b84de44-6938-5308-c845-568e518c21aa" executionId="f51aaf74-0a44-4cb7-9090-3b21792da07b" testListId="8c84fa94-04c1-424b-9868-57a2d4851a1d" />
    <TestEntry testId="a27f8035-3399-1710-73b9-71d261c75c98" executionId="e0d8aacf-8ffc-46de-99aa-36359141e1e6" testListId="8c84fa94-04c1-424b-9868-57a2d4851a1d" />
    <TestEntry testId="eea37630-5a4d-a680-2ff4-da68899e7777" executionId="53a4895b-fa11-4e0a-ac1e-a0345226f517" testListId="8c84fa94-04c1-424b-9868-57a2d4851a1d" />
    <TestEntry testId="1573f9ab-ad49-cd82-4150-a1cbba7a84f8" executionId="d2c8152d-9b23-4f2a-bf4e-7db9c0960fcb" testListId="8c84fa94-04c1-424b-9868-57a2d4851a1d" />
    <TestEntry testId="9eeccf4d-9714-e7fb-2619-02c40c39e978" executionId="34146b21-840d-46b1-9438-3da7ceed0ba0" testListId="8c84fa94-04c1-424b-9868-57a2d4851a1d" />
    <TestEntry testId="b3d28784-132b-4989-f44f-82fd5be857a5" executionId="ec9e2c12-9b0f-4746-9f52-baa581537192" testListId="8c84fa94-04c1-424b-9868-57a2d4851a1d" />
  </TestEntries>
  <TestLists>
    <TestList name="Results Not in a List" id="8c84fa94-04c1-424b-9868-57a2d4851a1d" />
    <TestList name="All Loaded Results" id="19431567-8539-422a-85d7-44ee4e166bda" />
  </TestLists>
  <ResultSummary outcome="Completed">
    <Counters total="13" executed="13" passed="13" failed="0" error="0" timeout="0" aborted="0" inconclusive="0" passedButRunAborted="0" notRunnable="0" notExecuted="0" disconnected="0" warning="0" completed="0" inProgress="0" pending="0" />
    <Output>
      <StdOut>NUnit Adapter 3.17.0.0: Test execution started&#xD;
Running all tests in D:\Projects\BookerApi.Tests\BookerApi.Tests\bin\Release\net5.0\BookerApi.Tests.dll&#xD;
   NUnit3TestExecutor discovered 13 of 13 NUnit test cases&#xD;
NUnit Adapter 3.17.0.0: Test execution complete&#xD;
</StdOut>
    </Output>
  </ResultSummary>
</TestRun>