<?xml version="1.0" encoding="utf-8"?>
<TestRun id="bdd15b68-e242-43ad-8065-b34d476a6554" name="foRz@FORZASUS 2021-12-09 02:46:13" runUser="FORZASUS\foRz" xmlns="http://microsoft.com/schemas/VisualStudio/TeamTest/2010">
  <Times creation="2021-12-09T02:46:13.7268295+03:00" queuing="2021-12-09T02:46:13.7268319+03:00" start="2021-12-09T02:46:09.4522084+03:00" finish="2021-12-09T02:46:15.3233197+03:00" />
  <TestSettings name="default" id="51049c3d-9366-4534-9f66-a6298e024e0d">
    <Deployment runDeploymentRoot="foRz_FORZASUS_2021-12-09_02_46_13" />
  </TestSettings>
  <Results>
    <UnitTestResult executionId="f981abf4-e72b-436e-8a58-d1da6f0e7f6e" testId="1aa800b9-f79a-d0de-a2a2-bed3f71016f7" testName="Get_RandomBooking_And_ValidateFields" computerName="FORZASUS" duration="00:00:00.2157420" startTime="2021-12-09T02:46:13.8272902+03:00" endTime="2021-12-09T02:46:14.0430288+03:00" testType="13cdc9d9-ddb5-4fa4-a97d-d965ccfc6d4b" outcome="Passed" testListId="8c84fa94-04c1-424b-9868-57a2d4851a1d" relativeResultsDirectory="f981abf4-e72b-436e-8a58-d1da6f0e7f6e" />
    <UnitTestResult executionId="165cc410-0c60-4821-86e2-f0ea3e44b5dc" testId="c0c724a1-16e7-7483-3848-a43ac92d5ad5" testName="Booking_ShouldBe_Created" computerName="FORZASUS" duration="00:00:00.1959880" startTime="2021-12-09T02:46:14.0434372+03:00" endTime="2021-12-09T02:46:14.2394217+03:00" testType="13cdc9d9-ddb5-4fa4-a97d-d965ccfc6d4b" outcome="Passed" testListId="8c84fa94-04c1-424b-9868-57a2d4851a1d" relativeResultsDirectory="165cc410-0c60-4821-86e2-f0ea3e44b5dc" />
    <UnitTestResult executionId="3abeed18-109b-419d-a450-39c9f68e97a6" testId="a27f8035-3399-1710-73b9-71d261c75c98" testName="Ensure_That_BookingId_DoesntExist" computerName="FORZASUS" duration="00:00:00.2065110" startTime="2021-12-09T02:46:14.9524220+03:00" endTime="2021-12-09T02:46:15.1589299+03:00" testType="13cdc9d9-ddb5-4fa4-a97d-d965ccfc6d4b" outcome="Passed" testListId="8c84fa94-04c1-424b-9868-57a2d4851a1d" relativeResultsDirectory="3abeed18-109b-419d-a450-39c9f68e97a6" />
    <UnitTestResult executionId="dfa3c626-1434-4388-9c64-334277c0609e" testId="e7fb0bee-2311-f26d-1895-198c4770469a" testName="AuthToken_ShouldBe_Created" computerName="FORZASUS" duration="00:00:00.8833160" startTime="2021-12-09T02:46:12.3433989+03:00" endTime="2021-12-09T02:46:13.2267126+03:00" testType="13cdc9d9-ddb5-4fa4-a97d-d965ccfc6d4b" outcome="Passed" testListId="8c84fa94-04c1-424b-9868-57a2d4851a1d" relativeResultsDirectory="dfa3c626-1434-4388-9c64-334277c0609e" />
    <UnitTestResult executionId="972c74c8-9a2f-41d5-a2bd-3c8f5fb92c1b" testId="bd1d2714-5449-f56e-7281-98315bc2fab1" testName="Ensure_That_BookingId_Exists" computerName="FORZASUS" duration="00:00:00.1568730" startTime="2021-12-09T02:46:14.5919046+03:00" endTime="2021-12-09T02:46:14.7487749+03:00" testType="13cdc9d9-ddb5-4fa4-a97d-d965ccfc6d4b" outcome="Passed" testListId="8c84fa94-04c1-424b-9868-57a2d4851a1d" relativeResultsDirectory="972c74c8-9a2f-41d5-a2bd-3c8f5fb92c1b" />
    <UnitTestResult executionId="6f780bcc-5986-41e0-939e-dd6b71e5c30a" testId="75a2fa68-7464-79e0-33ea-279f69dbaacc" testName="HealthCheckStatus_ShouldBe_Ok" computerName="FORZASUS" duration="00:00:01.0749210" startTime="2021-12-09T02:46:11.2549466+03:00" endTime="2021-12-09T02:46:12.3295927+03:00" testType="13cdc9d9-ddb5-4fa4-a97d-d965ccfc6d4b" outcome="Passed" testListId="8c84fa94-04c1-424b-9868-57a2d4851a1d" relativeResultsDirectory="6f780bcc-5986-41e0-939e-dd6b71e5c30a" />
    <UnitTestResult executionId="5707b3b0-69e7-424f-b6d4-253aef77b10b" testId="35ce9a1f-136e-e8d2-9965-ccf38c6f0207" testName="CreatedBooking_ShouldBe_PartiallyUpdated" computerName="FORZASUS" duration="00:00:00.1495060" startTime="2021-12-09T02:46:14.4423391+03:00" endTime="2021-12-09T02:46:14.5918430+03:00" testType="13cdc9d9-ddb5-4fa4-a97d-d965ccfc6d4b" outcome="Passed" testListId="8c84fa94-04c1-424b-9868-57a2d4851a1d" relativeResultsDirectory="5707b3b0-69e7-424f-b6d4-253aef77b10b" />
    <UnitTestResult executionId="030c4646-2b89-4f23-945f-a22928f1606b" testId="5dc4b102-dd4f-77da-d748-7c628b1442a0" testName="BookingIds_ShouldBe_Retrieved_And_ShouldNotBe_Empty" computerName="FORZASUS" duration="00:00:00.2010270" startTime="2021-12-09T02:46:13.6262042+03:00" endTime="2021-12-09T02:46:13.8272294+03:00" testType="13cdc9d9-ddb5-4fa4-a97d-d965ccfc6d4b" outcome="Passed" testListId="8c84fa94-04c1-424b-9868-57a2d4851a1d" relativeResultsDirectory="030c4646-2b89-4f23-945f-a22928f1606b" />
    <UnitTestResult executionId="e49a3271-b819-4d2b-b563-20f2cda7a7ec" testId="1573f9ab-ad49-cd82-4150-a1cbba7a84f8" testName="CreatedBooking_ShouldBe_Deleted" computerName="FORZASUS" duration="00:00:00.2035410" startTime="2021-12-09T02:46:14.7488318+03:00" endTime="2021-12-09T02:46:14.9523695+03:00" testType="13cdc9d9-ddb5-4fa4-a97d-d965ccfc6d4b" outcome="Passed" testListId="8c84fa94-04c1-424b-9868-57a2d4851a1d" relativeResultsDirectory="e49a3271-b819-4d2b-b563-20f2cda7a7ec" />
    <UnitTestResult executionId="82b5f723-c879-459a-ad6d-f1cd3dc49489" testId="b3d28784-132b-4989-f44f-82fd5be857a5" testName="CreatedBooking_ShouldBe_Updated" computerName="FORZASUS" duration="00:00:00.2020810" startTime="2021-12-09T02:46:14.2395013+03:00" endTime="2021-12-09T02:46:14.4415790+03:00" testType="13cdc9d9-ddb5-4fa4-a97d-d965ccfc6d4b" outcome="Passed" testListId="8c84fa94-04c1-424b-9868-57a2d4851a1d" relativeResultsDirectory="82b5f723-c879-459a-ad6d-f1cd3dc49489" />
    <UnitTestResult executionId="6db54231-f6b8-4e85-a22f-dbf495287417" testId="1c6a9dfc-fcd7-d2e2-d92a-e2a94b9923ee" testName="BookingIds_ShouldBe_Retrieved_And_ShouldNotBe_Empty" computerName="FORZASUS" duration="00:00:00.2074660" startTime="2021-12-09T02:46:13.2272197+03:00" endTime="2021-12-09T02:46:13.4346833+03:00" testType="13cdc9d9-ddb5-4fa4-a97d-d965ccfc6d4b" outcome="Passed" testListId="8c84fa94-04c1-424b-9868-57a2d4851a1d" relativeResultsDirectory="6db54231-f6b8-4e85-a22f-dbf495287417" />
    <UnitTestResult executionId="980c19e4-017e-4dcf-b25b-04ac92f9750c" testId="eea37630-5a4d-a680-2ff4-da68899e7777" testName="RandomBooking_ShouldBe_Patched_Using_TokenAuth" computerName="FORZASUS" duration="00:00:00.1911190" startTime="2021-12-09T02:46:13.4347325+03:00" endTime="2021-12-09T02:46:13.6258486+03:00" testType="13cdc9d9-ddb5-4fa4-a97d-d965ccfc6d4b" outcome="Passed" testListId="8c84fa94-04c1-424b-9868-57a2d4851a1d" relativeResultsDirectory="980c19e4-017e-4dcf-b25b-04ac92f9750c" />
  </Results>
  <TestDefinitions>
    <UnitTest name="RandomBooking_ShouldBe_Patched_Using_TokenAuth" storage="d:\projects\bookerapi.tests\bookerapi.tests\bin\release\net5.0\bookerapi.tests.dll" id="eea37630-5a4d-a680-2ff4-da68899e7777">
      <Execution id="980c19e4-017e-4dcf-b25b-04ac92f9750c" />
      <TestMethod codeBase="D:\Projects\BookerApi.Tests\BookerApi.Tests\bin\Release\net5.0\BookerApi.Tests.dll" adapterTypeName="executor://nunit3testexecutor/" className="BookerApi.Tests.AuthTests.TokenAuthTests" name="RandomBooking_ShouldBe_Patched_Using_TokenAuth" />
    </UnitTest>
    <UnitTest name="CreatedBooking_ShouldBe_Deleted" storage="d:\projects\bookerapi.tests\bookerapi.tests\bin\release\net5.0\bookerapi.tests.dll" id="1573f9ab-ad49-cd82-4150-a1cbba7a84f8">
      <Execution id="e49a3271-b819-4d2b-b563-20f2cda7a7ec" />
      <TestMethod codeBase="D:\Projects\BookerApi.Tests\BookerApi.Tests\bin\Release\net5.0\BookerApi.Tests.dll" adapterTypeName="executor://nunit3testexecutor/" className="BookerApi.Tests.BookingTests.BookingTests" name="CreatedBooking_ShouldBe_Deleted" />
    </UnitTest>
    <UnitTest name="Booking_ShouldBe_Created" storage="d:\projects\bookerapi.tests\bookerapi.tests\bin\release\net5.0\bookerapi.tests.dll" id="c0c724a1-16e7-7483-3848-a43ac92d5ad5">
      <Execution id="165cc410-0c60-4821-86e2-f0ea3e44b5dc" />
      <TestMethod codeBase="D:\Projects\BookerApi.Tests\BookerApi.Tests\bin\Release\net5.0\BookerApi.Tests.dll" adapterTypeName="executor://nunit3testexecutor/" className="BookerApi.Tests.BookingTests.BookingTests" name="Booking_ShouldBe_Created" />
    </UnitTest>
    <UnitTest name="Ensure_That_BookingId_Exists" storage="d:\projects\bookerapi.tests\bookerapi.tests\bin\release\net5.0\bookerapi.tests.dll" id="bd1d2714-5449-f56e-7281-98315bc2fab1">
      <Execution id="972c74c8-9a2f-41d5-a2bd-3c8f5fb92c1b" />
      <TestMethod codeBase="D:\Projects\BookerApi.Tests\BookerApi.Tests\bin\Release\net5.0\BookerApi.Tests.dll" adapterTypeName="executor://nunit3testexecutor/" className="BookerApi.Tests.BookingTests.BookingTests" name="Ensure_That_BookingId_Exists" />
    </UnitTest>
    <UnitTest name="HealthCheckStatus_ShouldBe_Ok" storage="d:\projects\bookerapi.tests\bookerapi.tests\bin\release\net5.0\bookerapi.tests.dll" id="75a2fa68-7464-79e0-33ea-279f69dbaacc">
      <Execution id="6f780bcc-5986-41e0-939e-dd6b71e5c30a" />
      <TestMethod codeBase="D:\Projects\BookerApi.Tests\BookerApi.Tests\bin\Release\net5.0\BookerApi.Tests.dll" adapterTypeName="executor://nunit3testexecutor/" className="BookerApi.Tests.HealthCheckTests" name="HealthCheckStatus_ShouldBe_Ok" />
    </UnitTest>
    <UnitTest name="BookingIds_ShouldBe_Retrieved_And_ShouldNotBe_Empty" storage="d:\projects\bookerapi.tests\bookerapi.tests\bin\release\net5.0\bookerapi.tests.dll" id="1c6a9dfc-fcd7-d2e2-d92a-e2a94b9923ee">
      <Execution id="6db54231-f6b8-4e85-a22f-dbf495287417" />
      <TestMethod codeBase="D:\Projects\BookerApi.Tests\BookerApi.Tests\bin\Release\net5.0\BookerApi.Tests.dll" adapterTypeName="executor://nunit3testexecutor/" className="BookerApi.Tests.AuthTests.TokenAuthTests" name="BookingIds_ShouldBe_Retrieved_And_ShouldNotBe_Empty" />
    </UnitTest>
    <UnitTest name="AuthToken_ShouldBe_Created" storage="d:\projects\bookerapi.tests\bookerapi.tests\bin\release\net5.0\bookerapi.tests.dll" id="e7fb0bee-2311-f26d-1895-198c4770469a">
      <Execution id="dfa3c626-1434-4388-9c64-334277c0609e" />
      <TestMethod codeBase="D:\Projects\BookerApi.Tests\BookerApi.Tests\bin\Release\net5.0\BookerApi.Tests.dll" adapterTypeName="executor://nunit3testexecutor/" className="BookerApi.Tests.CreateTokenTests" name="AuthToken_ShouldBe_Created" />
    </UnitTest>
    <UnitTest name="CreatedBooking_ShouldBe_PartiallyUpdated" storage="d:\projects\bookerapi.tests\bookerapi.tests\bin\release\net5.0\bookerapi.tests.dll" id="35ce9a1f-136e-e8d2-9965-ccf38c6f0207">
      <Execution id="5707b3b0-69e7-424f-b6d4-253aef77b10b" />
      <TestMethod codeBase="D:\Projects\BookerApi.Tests\BookerApi.Tests\bin\Release\net5.0\BookerApi.Tests.dll" adapterTypeName="executor://nunit3testexecutor/" className="BookerApi.Tests.BookingTests.BookingTests" name="CreatedBooking_ShouldBe_PartiallyUpdated" />
    </UnitTest>
    <UnitTest name="BookingIds_ShouldBe_Retrieved_And_ShouldNotBe_Empty" storage="d:\projects\bookerapi.tests\bookerapi.tests\bin\release\net5.0\bookerapi.tests.dll" id="5dc4b102-dd4f-77da-d748-7c628b1442a0">
      <Execution id="030c4646-2b89-4f23-945f-a22928f1606b" />
      <TestMethod codeBase="D:\Projects\BookerApi.Tests\BookerApi.Tests\bin\Release\net5.0\BookerApi.Tests.dll" adapterTypeName="executor://nunit3testexecutor/" className="BookerApi.Tests.BookingTests.GetBookingIdsTests" name="BookingIds_ShouldBe_Retrieved_And_ShouldNotBe_Empty" />
    </UnitTest>
    <UnitTest name="Get_RandomBooking_And_ValidateFields" storage="d:\projects\bookerapi.tests\bookerapi.tests\bin\release\net5.0\bookerapi.tests.dll" id="1aa800b9-f79a-d0de-a2a2-bed3f71016f7">
      <Execution id="f981abf4-e72b-436e-8a58-d1da6f0e7f6e" />
      <TestMethod codeBase="D:\Projects\BookerApi.Tests\BookerApi.Tests\bin\Release\net5.0\BookerApi.Tests.dll" adapterTypeName="executor://nunit3testexecutor/" className="BookerApi.Tests.BookingTests.GetBookingIdsTests" name="Get_RandomBooking_And_ValidateFields" />
    </UnitTest>
    <UnitTest name="Ensure_That_BookingId_DoesntExist" storage="d:\projects\bookerapi.tests\bookerapi.tests\bin\release\net5.0\bookerapi.tests.dll" id="a27f8035-3399-1710-73b9-71d261c75c98">
      <Execution id="3abeed18-109b-419d-a450-39c9f68e97a6" />
      <TestMethod codeBase="D:\Projects\BookerApi.Tests\BookerApi.Tests\bin\Release\net5.0\BookerApi.Tests.dll" adapterTypeName="executor://nunit3testexecutor/" className="BookerApi.Tests.BookingTests.BookingTests" name="Ensure_That_BookingId_DoesntExist" />
    </UnitTest>
    <UnitTest name="CreatedBooking_ShouldBe_Updated" storage="d:\projects\bookerapi.tests\bookerapi.tests\bin\release\net5.0\bookerapi.tests.dll" id="b3d28784-132b-4989-f44f-82fd5be857a5">
      <Execution id="82b5f723-c879-459a-ad6d-f1cd3dc49489" />
      <TestMethod codeBase="D:\Projects\BookerApi.Tests\BookerApi.Tests\bin\Release\net5.0\BookerApi.Tests.dll" adapterTypeName="executor://nunit3testexecutor/" className="BookerApi.Tests.BookingTests.BookingTests" name="CreatedBooking_ShouldBe_Updated" />
    </UnitTest>
  </TestDefinitions>
  <TestEntries>
    <TestEntry testId="1aa800b9-f79a-d0de-a2a2-bed3f71016f7" executionId="f981abf4-e72b-436e-8a58-d1da6f0e7f6e" testListId="8c84fa94-04c1-424b-9868-57a2d4851a1d" />
    <TestEntry testId="c0c724a1-16e7-7483-3848-a43ac92d5ad5" executionId="165cc410-0c60-4821-86e2-f0ea3e44b5dc" testListId="8c84fa94-04c1-424b-9868-57a2d4851a1d" />
    <TestEntry testId="a27f8035-3399-1710-73b9-71d261c75c98" executionId="3abeed18-109b-419d-a450-39c9f68e97a6" testListId="8c84fa94-04c1-424b-9868-57a2d4851a1d" />
    <TestEntry testId="e7fb0bee-2311-f26d-1895-198c4770469a" executionId="dfa3c626-1434-4388-9c64-334277c0609e" testListId="8c84fa94-04c1-424b-9868-57a2d4851a1d" />
    <TestEntry testId="bd1d2714-5449-f56e-7281-98315bc2fab1" executionId="972c74c8-9a2f-41d5-a2bd-3c8f5fb92c1b" testListId="8c84fa94-04c1-424b-9868-57a2d4851a1d" />
    <TestEntry testId="75a2fa68-7464-79e0-33ea-279f69dbaacc" executionId="6f780bcc-5986-41e0-939e-dd6b71e5c30a" testListId="8c84fa94-04c1-424b-9868-57a2d4851a1d" />
    <TestEntry testId="35ce9a1f-136e-e8d2-9965-ccf38c6f0207" executionId="5707b3b0-69e7-424f-b6d4-253aef77b10b" testListId="8c84fa94-04c1-424b-9868-57a2d4851a1d" />
    <TestEntry testId="5dc4b102-dd4f-77da-d748-7c628b1442a0" executionId="030c4646-2b89-4f23-945f-a22928f1606b" testListId="8c84fa94-04c1-424b-9868-57a2d4851a1d" />
    <TestEntry testId="1573f9ab-ad49-cd82-4150-a1cbba7a84f8" executionId="e49a3271-b819-4d2b-b563-20f2cda7a7ec" testListId="8c84fa94-04c1-424b-9868-57a2d4851a1d" />
    <TestEntry testId="b3d28784-132b-4989-f44f-82fd5be857a5" executionId="82b5f723-c879-459a-ad6d-f1cd3dc49489" testListId="8c84fa94-04c1-424b-9868-57a2d4851a1d" />
    <TestEntry testId="1c6a9dfc-fcd7-d2e2-d92a-e2a94b9923ee" executionId="6db54231-f6b8-4e85-a22f-dbf495287417" testListId="8c84fa94-04c1-424b-9868-57a2d4851a1d" />
    <TestEntry testId="eea37630-5a4d-a680-2ff4-da68899e7777" executionId="980c19e4-017e-4dcf-b25b-04ac92f9750c" testListId="8c84fa94-04c1-424b-9868-57a2d4851a1d" />
  </TestEntries>
  <TestLists>
    <TestList name="Results Not in a List" id="8c84fa94-04c1-424b-9868-57a2d4851a1d" />
    <TestList name="All Loaded Results" id="19431567-8539-422a-85d7-44ee4e166bda" />
  </TestLists>
  <ResultSummary outcome="Completed">
    <Counters total="12" executed="12" passed="12" failed="0" error="0" timeout="0" aborted="0" inconclusive="0" passedButRunAborted="0" notRunnable="0" notExecuted="0" disconnected="0" warning="0" completed="0" inProgress="0" pending="0" />
    <Output>
      <StdOut>NUnit Adapter 3.17.0.0: Test execution started&#xD;
Running all tests in D:\Projects\BookerApi.Tests\BookerApi.Tests\bin\Release\net5.0\BookerApi.Tests.dll&#xD;
   NUnit3TestExecutor discovered 12 of 12 NUnit test cases&#xD;
NUnit Adapter 3.17.0.0: Test execution complete&#xD;
</StdOut>
    </Output>
  </ResultSummary>
</TestRun>